0 info it worked if it ends with ok
1 verbose cli [ '/usr/local/bin/node', '/usr/local/bin/npm', 'login' ]
2 info using npm@3.10.8
3 info using node@v6.9.1
4 verbose adduser before first PUT { _id: 'org.couchdb.user:futielan',
4 verbose adduser   name: 'futielan',
4 verbose adduser   password: 'XXXXX',
4 verbose adduser   email: '505725798@qq.com',
4 verbose adduser   type: 'user',
4 verbose adduser   roles: [],
4 verbose adduser   date: '2017-01-09T03:31:20.578Z' }
5 verbose request uri http://registry.npm.taobao.org/-/user/org.couchdb.user:futielan
6 verbose request new user, so can't send auth
7 info attempt registry request try #1 at 11:31:20
8 verbose request id 8dc77a4aec479df3
9 http request PUT http://registry.npm.taobao.org/-/user/org.couchdb.user:futielan
10 http 409 http://registry.npm.taobao.org/-/user/org.couchdb.user:futielan
11 verbose headers { server: 'nginx/1.4.6 (Ubuntu)',
11 verbose headers   date: 'Mon, 09 Jan 2017 03:31:20 GMT',
11 verbose headers   'content-type': 'application/json; charset=utf-8',
11 verbose headers   'content-length': '61',
11 verbose headers   connection: 'keep-alive',
11 verbose headers   'x-current-requests': '1',
11 verbose headers   'x-readtime': '21' }
12 verbose request invalidating /Users/liuyin/.npm/registry.npm.taobao.org/-/user/org.couchdb.user_3Afutielan on PUT
13 verbose adduser update existing user
14 verbose request uri http://registry.npm.taobao.org/-/user/org.couchdb.user:futielan?write=true
15 verbose request no auth needed
16 info attempt registry request try #1 at 11:31:20
17 http request GET http://registry.npm.taobao.org/-/user/org.couchdb.user:futielan?write=true
18 http 200 http://registry.npm.taobao.org/-/user/org.couchdb.user:futielan?write=true
19 verbose headers { server: 'nginx/1.4.6 (Ubuntu)',
19 verbose headers   date: 'Mon, 09 Jan 2017 03:31:20 GMT',
19 verbose headers   'content-type': 'application/json; charset=utf-8',
19 verbose headers   'transfer-encoding': 'chunked',
19 verbose headers   connection: 'keep-alive',
19 verbose headers   'x-current-requests': '1',
19 verbose headers   'x-readtime': '7',
19 verbose headers   'content-encoding': 'gzip' }
20 verbose adduser userobj { _id: 'org.couchdb.user:futielan',
20 verbose adduser   name: 'futielan',
20 verbose adduser   password: 'XXXXX',
20 verbose adduser   email: '505725798@qq.com',
20 verbose adduser   type: 'user',
20 verbose adduser   roles: [],
20 verbose adduser   date: '2017-01-09T03:31:20.578Z' }
21 verbose request uri http://registry.npm.taobao.org/-/user/org.couchdb.user:futielan/-rev/undefined
22 verbose request updating existing user; sending authorization
23 info attempt registry request try #1 at 11:31:20
24 http request PUT http://registry.npm.taobao.org/-/user/org.couchdb.user:futielan/-rev/undefined
25 http 401 http://registry.npm.taobao.org/-/user/org.couchdb.user:futielan/-rev/undefined
26 verbose headers { server: 'nginx/1.4.6 (Ubuntu)',
26 verbose headers   date: 'Mon, 09 Jan 2017 03:31:20 GMT',
26 verbose headers   'content-type': 'application/json; charset=utf-8',
26 verbose headers   'content-length': '47',
26 verbose headers   connection: 'keep-alive',
26 verbose headers   'x-current-requests': '1',
26 verbose headers   'x-readtime': '7' }
27 verbose request invalidating /Users/liuyin/.npm/registry.npm.taobao.org/-/user/org.couchdb.user_3Afutielan on PUT
28 verbose adduser back [ { Error: unauthorized Login first: -/user/org.couchdb.user:futielan/-rev/undefined
28 verbose adduser       at makeError (/usr/local/lib/node_modules/npm/node_modules/npm-registry-client/lib/request.js:302:12)
28 verbose adduser       at CachingRegistryClient.<anonymous> (/usr/local/lib/node_modules/npm/node_modules/npm-registry-client/lib/request.js:290:14)
28 verbose adduser       at Request._callback (/usr/local/lib/node_modules/npm/node_modules/npm-registry-client/lib/request.js:210:14)
28 verbose adduser       at Request.self.callback (/usr/local/lib/node_modules/npm/node_modules/request/request.js:187:22)
28 verbose adduser       at emitTwo (events.js:106:13)
28 verbose adduser       at Request.emit (events.js:191:7)
28 verbose adduser       at Request.<anonymous> (/usr/local/lib/node_modules/npm/node_modules/request/request.js:1044:10)
28 verbose adduser       at emitOne (events.js:96:13)
28 verbose adduser       at Request.emit (events.js:188:7)
28 verbose adduser       at IncomingMessage.<anonymous> (/usr/local/lib/node_modules/npm/node_modules/request/request.js:965:12) statusCode: 401, code: 'E401' },
28 verbose adduser   { error: 'unauthorized', reason: 'Login first' },
28 verbose adduser   '{"error":"unauthorized","reason":"Login first"}' ]
29 warn adduser Incorrect username or password
29 warn adduser You can reset your account by visiting:
29 warn adduser
29 warn adduser     https://npmjs.org/forgot
30 verbose stack Error: unauthorized Login first: -/user/org.couchdb.user:futielan/-rev/undefined
30 verbose stack     at makeError (/usr/local/lib/node_modules/npm/node_modules/npm-registry-client/lib/request.js:302:12)
30 verbose stack     at CachingRegistryClient.<anonymous> (/usr/local/lib/node_modules/npm/node_modules/npm-registry-client/lib/request.js:290:14)
30 verbose stack     at Request._callback (/usr/local/lib/node_modules/npm/node_modules/npm-registry-client/lib/request.js:210:14)
30 verbose stack     at Request.self.callback (/usr/local/lib/node_modules/npm/node_modules/request/request.js:187:22)
30 verbose stack     at emitTwo (events.js:106:13)
30 verbose stack     at Request.emit (events.js:191:7)
30 verbose stack     at Request.<anonymous> (/usr/local/lib/node_modules/npm/node_modules/request/request.js:1044:10)
30 verbose stack     at emitOne (events.js:96:13)
30 verbose stack     at Request.emit (events.js:188:7)
30 verbose stack     at IncomingMessage.<anonymous> (/usr/local/lib/node_modules/npm/node_modules/request/request.js:965:12)
31 verbose statusCode 401
32 verbose cwd /Users/liuyin/Desktop/git/react-native-go
33 error Darwin 16.0.0
34 error argv "/usr/local/bin/node" "/usr/local/bin/npm" "login"
35 error node v6.9.1
36 error npm  v3.10.8
37 error code E401
38 error unauthorized Login first: -/user/org.couchdb.user:futielan/-rev/undefined
39 error If you need help, you may report this error at:
39 error     <https://github.com/npm/npm/issues>
40 verbose exit [ 1, true ]
